<?xml version="1.0" encoding="UTF-8"?>
<!-- Generated by org.testng.reporters.JUnitXMLReporter -->
<testsuite ignored="1" hostname="DESKTOP-88VP3Q4" failures="1" tests="7" name="IFrames" time="58.592" errors="0" timestamp="2025-07-16T07:35:55 IST">
  <testcase classname="testclasses.HomePageTestClass" name="MyAccountTest" time="2.403"/>
  <testcase classname="testclasses.RegisterPageTestClass" name="RegisterPageTest" time="22.039"/>
  <testcase classname="testclasses.RegisterPageTestClass" name="TestFail" time="0.013">
    <skipped/>
  </testcase> <!-- TestFail -->
  <testcase classname="testclasses.RegisterPageTestClass" name="TestFail" time="0.002">
    <skipped/>
  </testcase> <!-- TestFail -->
  <testcase classname="testclasses.RegisterPageTestClass" name="TestFail" time="0.002">
    <skipped/>
  </testcase> <!-- TestFail -->
  <testcase classname="testclasses.RegisterPageTestClass" name="TestFail" time="0.002">
    <failure type="java.lang.AssertionError" message="Failed expected [true] but found [false]">
      <![CDATA[java.lang.AssertionError: Failed expected [true] but found [false]
at testclasses.RegisterPageTestClass.TestFail(RegisterPageTestClass.java:27)
at java.base/java.util.ArrayList.forEach(ArrayList.java:1596)
... Removed 28 stack frames]]>
    </failure>
  </testcase> <!-- TestFail -->
  <testcase classname="testclasses.RegisterPageTestClass" name="TestSkip" time="0.0">
    <skipped/>
  </testcase> <!-- TestSkip -->
  <testcase classname="base.BaseClass" name="@AfterSuite teardown" time="0.0">
    <ignored/>
  </testcase> <!-- @AfterSuite teardown -->
</testsuite> <!-- IFrames -->
