<!DOCTYPE html PUBLIC "-//W3C//DTD XHTML 1.1//EN" "https://www.w3.org/TR/xhtml11/DTD/xhtml11.dtd">
<html xmlns="https://www.w3.org/1999/xhtml">
<head>
<meta http-equiv="content-type" content="text/html; charset=UTF-8"/>
<title>TestNG Report</title>
<style type="text/css">table {margin-bottom:10px;border-collapse:collapse;empty-cells:show}th,td {border:1px solid #009;padding:.25em .5em}th {vertical-align:bottom}td {vertical-align:top}table a {font-weight:bold}.stripe td {background-color: #E6EBF9}.num {text-align:right}.passedodd td {background-color: #3F3}.passedeven td {background-color: #0A0}.skippedodd td {background-color: #DDD}.skippedeven td {background-color: #CCC}.failedodd td,.attn {background-color: #F33}.failedeven td,.stripe .attn {background-color: #D00}.stacktrace {white-space:pre;font-family:monospace}.totop {font-size:85%;text-align:center;border-bottom:2px solid #000}.invisible {display:none}</style>
</head>
<body>
<table>
<tr><th>Test</th><th># Passed</th><th># Skipped</th><th># Retried</th><th># Failed</th><th>Time (ms)</th><th>Included Groups</th><th>Excluded Groups</th></tr>
<tr><th colspan="8">OpenCart</th></tr>
<tr><td><a href="#t0">RegisterTest</a></td><td class="num">2</td><td class="num attn">1</td><td class="num attn">3</td><td class="num attn">1</td><td class="num">7,894</td><td></td><td></td></tr>
</table>
<table id='summary'><thead><tr><th>Class</th><th>Method</th><th>Start</th><th>Time (ms)</th></tr></thead><tbody><tr><th colspan="4">OpenCart</th></tr></tbody><tbody id="t0"><tr><th colspan="4">RegisterTest &#8212; failed</th></tr><tr class="failedeven"><td rowspan="1">testclasses.RegisterPageTestClass</td><td><a href="#m0">TestFail</a></td><td rowspan="1">1753234858144</td><td rowspan="1">1</td></tr><tr><th colspan="4">RegisterTest &#8212; skipped</th></tr><tr class="skippedeven"><td rowspan="1">testclasses.RegisterPageTestClass</td><td><a href="#m1">TestSkip</a></td><td rowspan="1">1753234858328</td><td rowspan="1">0</td></tr><tr><th colspan="4">RegisterTest &#8212; retried</th></tr><tr class="retriedeven"><td rowspan="3">testclasses.RegisterPageTestClass</td><td><a href="#m2">TestFail</a></td><td rowspan="3">1753234858135</td><td rowspan="3">5</td></tr><tr class="retriedeven"><td><a href="#m3">TestFail</a></td></tr><tr class="retriedeven"><td><a href="#m4">TestFail</a></td></tr><tr><th colspan="4">RegisterTest &#8212; passed</th></tr><tr class="passedeven"><td rowspan="1">testclasses.HomePageTestClass</td><td><a href="#m5">MyAccountTest</a></td><td rowspan="1">1753234854056</td><td rowspan="1">1552</td></tr><tr class="passedodd"><td rowspan="1">testclasses.RegisterPageTestClass</td><td><a href="#m6">RegisterPageTest</a></td><td rowspan="1">1753234856420</td><td rowspan="1">1676</td></tr></tbody>
</table>
<h2>RegisterTest</h2><h3 id="m0">testclasses.RegisterPageTestClass#TestFail</h3><table class="result"><tr><th>Exception</th></tr><tr><td><div class="stacktrace">java.lang.AssertionError: Failed expected [true] but found [false]
	at testclasses.RegisterPageTestClass.TestFail(RegisterPageTestClass.java:27)
	at java.base/java.util.ArrayList.forEach(ArrayList.java:1511)
... Removed 30 stack frames</div></td></tr></table><p class="totop"><a href="#summary">back to summary</a></p>
<h3 id="m1">testclasses.RegisterPageTestClass#TestSkip</h3><table class="result"><tr><th>Exception</th></tr><tr><td><div class="stacktrace">java.lang.Throwable: Method RegisterPageTestClass.TestSkip()[pri:2, instance:testclasses.RegisterPageTestClass@52e6fdee] depends on not successfully finished methods
	at java.base/java.util.ArrayList.forEach(ArrayList.java:1511)
... Removed 18 stack frames</div></td></tr></table><p class="totop"><a href="#summary">back to summary</a></p>
<h3 id="m2">testclasses.RegisterPageTestClass#TestFail</h3><table class="result"><tr><th>Exception</th></tr><tr><td><div class="stacktrace">java.lang.AssertionError: Failed expected [true] but found [false]
	at testclasses.RegisterPageTestClass.TestFail(RegisterPageTestClass.java:27)
	at java.base/java.util.ArrayList.forEach(ArrayList.java:1511)
... Removed 30 stack frames</div></td></tr></table><p class="totop"><a href="#summary">back to summary</a></p>
<h3 id="m3">testclasses.RegisterPageTestClass#TestFail</h3><table class="result"><tr><th>Exception</th></tr><tr><td><div class="stacktrace">java.lang.AssertionError: Failed expected [true] but found [false]
	at testclasses.RegisterPageTestClass.TestFail(RegisterPageTestClass.java:27)
	at java.base/java.util.ArrayList.forEach(ArrayList.java:1511)
... Removed 30 stack frames</div></td></tr></table><p class="totop"><a href="#summary">back to summary</a></p>
<h3 id="m4">testclasses.RegisterPageTestClass#TestFail</h3><table class="result"><tr><th>Exception</th></tr><tr><td><div class="stacktrace">java.lang.AssertionError: Failed expected [true] but found [false]
	at testclasses.RegisterPageTestClass.TestFail(RegisterPageTestClass.java:27)
	at java.base/java.util.ArrayList.forEach(ArrayList.java:1511)
... Removed 30 stack frames</div></td></tr></table><p class="totop"><a href="#summary">back to summary</a></p>
<h3 id="m5">testclasses.HomePageTestClass#MyAccountTest</h3><table class="result"><tr><th class="invisible"/></tr></table><p class="totop"><a href="#summary">back to summary</a></p>
<h3 id="m6">testclasses.RegisterPageTestClass#RegisterPageTest</h3><table class="result"><tr class="param"><th>Parameter #1</th><th>Parameter #2</th><th>Parameter #3</th><th>Parameter #4</th><th>Parameter #5</th><th>Parameter #6</th></tr><tr class="param stripe"><td>Visvanathan</td><td>S</td><td>tony.stark@gmail.com</td><td>1.23456789E8</td><td>admin123</td><td>admin123</td></tr></table><p class="totop"><a href="#summary">back to summary</a></p>
</body>
</html>
